2025-05-12 11:45:39 -  - exec CUpdateClientPartner::SearchModulesEx
2025-05-12 11:45:39 -  - exec CUpdateClientPartner::__CollectRequestData
2025-05-12 11:45:39 -  - utf=Y&lang=ru&stable=Y&CANGZIP=Y&SUPD_DBS=MYSQL&XE=N&CLIENT_SITE=192.168.0.109&LICENSE_KEY=X&SUPD_STS=1&SUPD_URS=0&TYPENC=D&CLIENT_PHPVER=8.2.28&NGINX=Y&dbv=8.0.41&instm=main%2C25.100.300%2CY%3Babtest%2C24.100.0%2CN%3Badvertising%2C24.100.0%2CN%3Bb24connector%2C24.0.0%2CN%3Bbitrix.eshop%2C24.100.0%2CN%3Bbitrix.sitecorporate%2C24.0.0%2CN%3Bbitrixcloud%2C24.100.0%2CN%3Bbizproc%2C24.900.0%2CN%3Bbizprocdesigner%2C24.700.0%2CN%3Bblog%2C24.300.0%2CN%3Bcalendar%2C24.450.100%2CN%3Bcatalog%2C24.400.100%2CN%3Bclouds%2C25.0.0%2CN%3Bconversion%2C24.0.0%2CN%3Bcurrency%2C24.100.0%2CN%3Bfileman%2C24.500.0%2CN%3Bform%2C24.0.0%2CN%3Bforum%2C25.100.0%2CN%3Bhighloadblock%2C24.100.0%2CN%3Biblock%2C24.300.0%2CN%3Bidea%2C24.100.0%2CN%3Bim%2C25.0.100%2CN%3Blanding%2C24.800.0%2CN%3Blearning%2C24.300.0%2CN%3Blists%2C25.0.0%2CN%3Blocation%2C25.0.0%2CN%3Bmail%2C24.800.300%2CN%3Bmessageservice%2C24.900.0%2CN%3Bmobileapp%2C24.200.0%2CN%3Bperfmon%2C24.200.0%2CN%3Bphotogallery%2C25.0.0%2CN%3Bpull%2C25.0.50%2CN%3Breport%2C24.100.0%2CN%3Brest%2C25.100.200%2CN%3Bsale%2C24.300.0%2CN%3Bsearch%2C25.0.0%2CN%3Bsecurity%2C24.0.100%2CN%3Bsender%2C24.300.100%2CN%3Bseo%2C24.600.100%2CN%3Bsocialnetwork%2C24.375.300%2CN%3Bsocialservices%2C24.100.100%2CN%3Bstatistic%2C24.100.0%2CN%3Bstoreassist%2C24.0.0%2CN%3Bsubscribe%2C24.0.0%2CN%3Bsupport%2C24.100.0%2CN%3Btranslate%2C24.100.0%2CN%3Bui%2C25.0.0%2CN%3Bvote%2C24.0.100%2CN%3Bwebservice%2C24.100.0%2CN%3Bwiki%2C24.100.0%2CN%3Bworkflow%2C24.100.0%2CN&search_module_id=&search_module=&search_category=7%2C14&search_type=&search_order=DESC&search_order_by=SORT&search_page=1&SUPD_SRS=RU&SUPD_CMP=N
2025-05-12 11:45:39 -  - exec CUpdateClientPartner::GetHTTPPage
2025-05-12 11:45:45 -  - TIME SearchModulesEx(request) 5.853 sec
2025-05-12 11:45:45 -  - exec CUpdateClientPartner::ParseServerData
2025-05-12 11:45:51 -  - exec CUpdateClientPartner::LoadModulesUpdates
2025-05-12 11:45:51 -  - exec CUpdateClientPartner::__CollectRequestData
2025-05-12 11:45:51 -  - utf=Y&lang=ru&stable=Y&CANGZIP=Y&SUPD_DBS=MYSQL&XE=N&CLIENT_SITE=192.168.0.109&LICENSE_KEY=X&SUPD_STS=1&SUPD_URS=0&TYPENC=D&CLIENT_PHPVER=8.2.28&NGINX=Y&dbv=8.0.41&instm=main%2C25.100.300%2CY%3Babtest%2C24.100.0%2CN%3Badvertising%2C24.100.0%2CN%3Bb24connector%2C24.0.0%2CN%3Bbitrix.eshop%2C24.100.0%2CN%3Bbitrix.sitecorporate%2C24.0.0%2CN%3Bbitrixcloud%2C24.100.0%2CN%3Bbizproc%2C24.900.0%2CN%3Bbizprocdesigner%2C24.700.0%2CN%3Bblog%2C24.300.0%2CN%3Bcalendar%2C24.450.100%2CN%3Bcatalog%2C24.400.100%2CN%3Bclouds%2C25.0.0%2CN%3Bconversion%2C24.0.0%2CN%3Bcurrency%2C24.100.0%2CN%3Bfileman%2C24.500.0%2CN%3Bform%2C24.0.0%2CN%3Bforum%2C25.100.0%2CN%3Bhighloadblock%2C24.100.0%2CN%3Biblock%2C24.300.0%2CN%3Bidea%2C24.100.0%2CN%3Bim%2C25.0.100%2CN%3Blanding%2C24.800.0%2CN%3Blearning%2C24.300.0%2CN%3Blists%2C25.0.0%2CN%3Blocation%2C25.0.0%2CN%3Bmail%2C24.800.300%2CN%3Bmessageservice%2C24.900.0%2CN%3Bmobileapp%2C24.200.0%2CN%3Bperfmon%2C24.200.0%2CN%3Bphotogallery%2C25.0.0%2CN%3Bpull%2C25.0.50%2CN%3Breport%2C24.100.0%2CN%3Brest%2C25.100.200%2CN%3Bsale%2C24.300.0%2CN%3Bsearch%2C25.0.0%2CN%3Bsecurity%2C24.0.100%2CN%3Bsender%2C24.300.100%2CN%3Bseo%2C24.600.100%2CN%3Bsocialnetwork%2C24.375.300%2CN%3Bsocialservices%2C24.100.100%2CN%3Bstatistic%2C24.100.0%2CN%3Bstoreassist%2C24.0.0%2CN%3Bsubscribe%2C24.0.0%2CN%3Bsupport%2C24.100.0%2CN%3Btranslate%2C24.100.0%2CN%3Bui%2C25.0.0%2CN%3Bvote%2C24.0.100%2CN%3Bwebservice%2C24.100.0%2CN%3Bwiki%2C24.100.0%2CN%3Bworkflow%2C24.100.0%2CN&reqm=nsandrey.emptyinstall&lim=Y&SUPD_SRS=RU&SUPD_CMP=N
2025-05-12 11:45:51 -  - exec CUpdateClientPartner::GetHTTPPage
2025-05-12 11:45:51 -  - TIME LoadModulesUpdates(request) 0.453 sec
2025-05-12 11:45:51 -  - exec CUpdateClientPartner::ParseServerData
2025-05-12 11:45:51 - S - STEP
2025-05-12 11:45:51 - LM4W01 - loadModule4Wizard-Step
2025-05-12 11:45:51 -  - exec CUpdateClientPartner::LoadModulesUpdates
2025-05-12 11:45:51 -  - exec CUpdateClientPartner::ParseServerData
2025-05-12 11:45:51 -  - loadFile
2025-05-12 11:45:51 - U - RETURN
2025-05-12 11:45:51 -  - exec CUpdateClientPartner::UnGzipArchive
2025-05-12 11:45:51 -  - TIME UnGzipArchive 0.003 sec
2025-05-12 11:45:51 -  - TIME UpdateStepModules 0.011 sec
2025-05-12 11:45:52 -  - exec CUpdateClientPartner::LoadModulesUpdates
2025-05-12 11:45:52 -  - exec CUpdateClientPartner::__CollectRequestData
2025-05-12 11:45:52 -  - utf=Y&lang=ru&stable=Y&CANGZIP=Y&SUPD_DBS=MYSQL&XE=N&CLIENT_SITE=192.168.0.109&LICENSE_KEY=X&SUPD_STS=1&SUPD_URS=0&TYPENC=D&CLIENT_PHPVER=8.2.28&NGINX=Y&dbv=8.0.41&instm=main%2C25.100.300%2CY%3Babtest%2C24.100.0%2CN%3Badvertising%2C24.100.0%2CN%3Bb24connector%2C24.0.0%2CN%3Bbitrix.eshop%2C24.100.0%2CN%3Bbitrix.sitecorporate%2C24.0.0%2CN%3Bbitrixcloud%2C24.100.0%2CN%3Bbizproc%2C24.900.0%2CN%3Bbizprocdesigner%2C24.700.0%2CN%3Bblog%2C24.300.0%2CN%3Bcalendar%2C24.450.100%2CN%3Bcatalog%2C24.400.100%2CN%3Bclouds%2C25.0.0%2CN%3Bconversion%2C24.0.0%2CN%3Bcurrency%2C24.100.0%2CN%3Bfileman%2C24.500.0%2CN%3Bform%2C24.0.0%2CN%3Bforum%2C25.100.0%2CN%3Bhighloadblock%2C24.100.0%2CN%3Biblock%2C24.300.0%2CN%3Bidea%2C24.100.0%2CN%3Bim%2C25.0.100%2CN%3Blanding%2C24.800.0%2CN%3Blearning%2C24.300.0%2CN%3Blists%2C25.0.0%2CN%3Blocation%2C25.0.0%2CN%3Bmail%2C24.800.300%2CN%3Bmessageservice%2C24.900.0%2CN%3Bmobileapp%2C24.200.0%2CN%3Bperfmon%2C24.200.0%2CN%3Bphotogallery%2C25.0.0%2CN%3Bpull%2C25.0.50%2CN%3Breport%2C24.100.0%2CN%3Brest%2C25.100.200%2CN%3Bsale%2C24.300.0%2CN%3Bsearch%2C25.0.0%2CN%3Bsecurity%2C24.0.100%2CN%3Bsender%2C24.300.100%2CN%3Bseo%2C24.600.100%2CN%3Bsocialnetwork%2C24.375.300%2CN%3Bsocialservices%2C24.100.100%2CN%3Bstatistic%2C24.100.0%2CN%3Bstoreassist%2C24.0.0%2CN%3Bsubscribe%2C24.0.0%2CN%3Bsupport%2C24.100.0%2CN%3Btranslate%2C24.100.0%2CN%3Bui%2C25.0.0%2CN%3Bvote%2C24.0.100%2CN%3Bwebservice%2C24.100.0%2CN%3Bwiki%2C24.100.0%2CN%3Bworkflow%2C24.100.0%2CN%3Bnsandrey.emptyinstall%2C1.0.5%2CN&reqm=nsandrey.emptyinstall&lim=Y&SUPD_SRS=RU&SUPD_CMP=N
2025-05-12 11:45:52 -  - exec CUpdateClientPartner::GetHTTPPage
2025-05-12 11:45:52 -  - TIME LoadModulesUpdates(request) 0.439 sec
2025-05-12 11:45:52 -  - exec CUpdateClientPartner::ParseServerData
2025-05-12 11:45:52 - STEP - Finish - NOUPDATES
2025-05-12 11:45:52 - LM4W03 - Finish - NOUPDATES
2025-05-12 11:46:05 -  - exec CUpdateClientPartner::__CollectRequestData
2025-05-12 11:46:05 -  - exec CUpdateClientPartner::GetHTTPPage
2025-05-12 11:46:06 -  - exec CUpdateClientPartner::ParseServerData
2025-05-12 11:46:06 -  - exec CUpdateClientPartner::GetUpdatesList
2025-05-12 11:46:06 -  - exec CUpdateClientPartner::__CollectRequestData
2025-05-12 11:46:06 -  - utf=Y&lang=ru&stable=Y&CANGZIP=Y&SUPD_DBS=MYSQL&XE=N&CLIENT_SITE=192.168.0.109&LICENSE_KEY=X&SUPD_STS=1&SUPD_URS=0&TYPENC=D&CLIENT_PHPVER=8.2.28&NGINX=Y&dbv=8.0.41&instm=main%2C25.100.300%2CY%3Babtest%2C24.100.0%2CN%3Badvertising%2C24.100.0%2CN%3Bb24connector%2C24.0.0%2CN%3Bbitrix.eshop%2C24.100.0%2CN%3Bbitrix.sitecorporate%2C24.0.0%2CN%3Bbitrixcloud%2C24.100.0%2CN%3Bbizproc%2C24.900.0%2CN%3Bbizprocdesigner%2C24.700.0%2CN%3Bblog%2C24.300.0%2CN%3Bcalendar%2C24.450.100%2CN%3Bcatalog%2C24.400.100%2CN%3Bclouds%2C25.0.0%2CN%3Bconversion%2C24.0.0%2CN%3Bcurrency%2C24.100.0%2CN%3Bfileman%2C24.500.0%2CN%3Bform%2C24.0.0%2CN%3Bforum%2C25.100.0%2CN%3Bhighloadblock%2C24.100.0%2CN%3Biblock%2C24.300.0%2CN%3Bidea%2C24.100.0%2CN%3Bim%2C25.0.100%2CN%3Blanding%2C24.800.0%2CN%3Blearning%2C24.300.0%2CN%3Blists%2C25.0.0%2CN%3Blocation%2C25.0.0%2CN%3Bmail%2C24.800.300%2CN%3Bmessageservice%2C24.900.0%2CN%3Bmobileapp%2C24.200.0%2CN%3Bperfmon%2C24.200.0%2CN%3Bphotogallery%2C25.0.0%2CN%3Bpull%2C25.0.50%2CN%3Breport%2C24.100.0%2CN%3Brest%2C25.100.200%2CN%3Bsale%2C24.300.0%2CN%3Bsearch%2C25.0.0%2CN%3Bsecurity%2C24.0.100%2CN%3Bsender%2C24.300.100%2CN%3Bseo%2C24.600.100%2CN%3Bsocialnetwork%2C24.375.300%2CN%3Bsocialservices%2C24.100.100%2CN%3Bstatistic%2C24.100.0%2CN%3Bstoreassist%2C24.0.0%2CN%3Bsubscribe%2C24.0.0%2CN%3Bsupport%2C24.100.0%2CN%3Btranslate%2C24.100.0%2CN%3Bui%2C25.0.0%2CN%3Bvote%2C24.0.100%2CN%3Bwebservice%2C24.100.0%2CN%3Bwiki%2C24.100.0%2CN%3Bworkflow%2C24.100.0%2CN%3Bnsandrey.emptyinstall%2C1.0.5%2CN&reqm=bitrix.eshop%2Cbitrix.sitecorporate%2Cnsandrey.emptyinstall&fullmoduleinfo=Y&SUPD_SRS=RU&SUPD_CMP=N
2025-05-12 11:46:06 -  - exec CUpdateClientPartner::GetHTTPPage
2025-05-12 11:46:06 -  - TIME GetUpdatesList(request) 0.502 sec
2025-05-12 11:46:06 -  - exec CUpdateClientPartner::ParseServerData
2025-05-12 11:46:06 -  - exec CUpdateClientPartner::__CollectRequestData
2025-05-12 11:46:06 -  - exec CUpdateClientPartner::GetHTTPPage
2025-05-12 11:46:07 -  - exec CUpdateClientPartner::ParseServerData
